<?xml version="1.0" encoding="UTF-8"?>
<!-- Generated by org.testng.reporters.JUnitReportReporter -->
<testsuite skipped="0" hostname="DESKTOP-8VM5413" name="TestNG.verifyaddbook" tests="1" failures="0" timestamp="29 Jun 2019 16:50:40 GMT" time="11.010" errors="0">
  <testcase name="verify" time="11.010" classname="TestNG.verifyaddbook"/>
</testsuite> <!-- TestNG.verifyaddbook -->
